This file contains any messages produced by compilers while
running configure, to aid debugging if configure makes a mistake.

It was created by shellinabox configure 2.10, which was
generated by GNU Autoconf 2.65.  Invocation command line was

  $ ./configure 

## --------- ##
## Platform. ##
## --------- ##

hostname = Mia.local
uname -m = x86_64
uname -r = 14.3.0
uname -s = Darwin
uname -v = Darwin Kernel Version 14.3.0: Mon Mar 23 11:59:05 PDT 2015; root:xnu-2782.20.48~5/RELEASE_X86_64

/usr/bin/uname -p = i386
/bin/uname -X     = unknown

/bin/arch              = unknown
/usr/bin/arch -k       = unknown
/usr/convex/getsysinfo = unknown
/usr/bin/hostinfo      = Mach kernel version:
	 Darwin Kernel Version 14.3.0: Mon Mar 23 11:59:05 PDT 2015; root:xnu-2782.20.48~5/RELEASE_X86_64
Kernel configured for up to 4 processors.
2 processors are physically available.
4 processors are logically available.
Processor type: i486 (Intel 80486)
Processors active: 0 1 2 3
Primary memory available: 4.00 gigabytes
Default processor set: 248 tasks, 998 threads, 4 processors
Load average: 0.91, Mach factor: 3.08
/bin/machine           = unknown
/usr/bin/oslevel       = unknown
/bin/universe          = unknown

PATH: /usr/local/bin
PATH: /usr/bin
PATH: /bin
PATH: /usr/sbin
PATH: /sbin
PATH: /opt/X11/bin
PATH: /usr/local/git/bin
PATH: /usr/texbin


## ----------- ##
## Core tests. ##
## ----------- ##

configure:2379: checking for a BSD-compatible install
configure:2447: result: /usr/bin/install -c
configure:2458: checking whether build environment is sane
configure:2508: result: yes
configure:2649: checking for a thread-safe mkdir -p
configure:2688: result: ./install-sh -c -d
configure:2701: checking for gawk
configure:2731: result: no
configure:2701: checking for mawk
configure:2731: result: no
configure:2701: checking for nawk
configure:2731: result: no
configure:2701: checking for awk
configure:2717: found /usr/bin/awk
configure:2728: result: awk
configure:2739: checking whether make sets $(MAKE)
configure:2761: result: yes
configure:2891: checking for gcc
configure:2907: found /usr/bin/gcc
configure:2918: result: gcc
configure:3147: checking for C compiler version
configure:3156: gcc --version >&5
Apple LLVM version 6.1.0 (clang-602.0.53) (based on LLVM 3.6.0svn)
Target: x86_64-apple-darwin14.3.0
Thread model: posix
Configured with: --prefix=/Applications/Xcode.app/Contents/Developer/usr --with-gxx-include-dir=/usr/include/c++/4.2.1
configure:3167: $? = 0
configure:3156: gcc -v >&5
Configured with: --prefix=/Applications/Xcode.app/Contents/Developer/usr --with-gxx-include-dir=/usr/include/c++/4.2.1
Apple LLVM version 6.1.0 (clang-602.0.53) (based on LLVM 3.6.0svn)
Target: x86_64-apple-darwin14.3.0
Thread model: posix
configure:3167: $? = 0
configure:3156: gcc -V >&5
clang: error: argument to '-V' is missing (expected 1 value)
clang: error: no input files
configure:3167: $? = 1
configure:3156: gcc -qversion >&5
clang: error: unknown argument: '-qversion'
clang: error: no input files
configure:3167: $? = 1
configure:3187: checking whether the C compiler works
configure:3209: gcc -Os   conftest.c  >&5
configure:3213: $? = 0
configure:3262: result: yes
configure:3265: checking for C compiler default output file name
configure:3267: result: a.out
configure:3273: checking for suffix of executables
configure:3280: gcc -o conftest -Os   conftest.c  >&5
configure:3284: $? = 0
configure:3306: result: 
configure:3328: checking whether we are cross compiling
configure:3336: gcc -o conftest -Os   conftest.c  >&5
configure:3340: $? = 0
configure:3347: ./conftest
configure:3351: $? = 0
configure:3366: result: no
configure:3371: checking for suffix of object files
configure:3393: gcc -c -Os  conftest.c >&5
configure:3397: $? = 0
configure:3418: result: o
configure:3422: checking whether we are using the GNU C compiler
configure:3441: gcc -c -Os  conftest.c >&5
configure:3441: $? = 0
configure:3450: result: yes
configure:3459: checking whether gcc accepts -g
configure:3479: gcc -c -g  conftest.c >&5
configure:3479: $? = 0
configure:3520: result: yes
configure:3537: checking for gcc option to accept ISO C89
configure:3601: gcc  -c -Os  conftest.c >&5
configure:3601: $? = 0
configure:3614: result: none needed
configure:3645: checking for style of include used by make
configure:3673: result: GNU
configure:3698: checking dependency style of gcc
configure:3808: result: gcc3
configure:3855: checking build system type
configure:3869: result: x86_64-apple-darwin14.3.0
configure:3889: checking host system type
configure:3902: result: x86_64-apple-darwin14.3.0
configure:3922: checking for a sed that does not truncate output
configure:3986: result: /usr/bin/sed
configure:4004: checking for grep that handles long lines and -e
configure:4062: result: /usr/bin/grep
configure:4067: checking for egrep
configure:4129: result: /usr/bin/grep -E
configure:4134: checking for fgrep
configure:4196: result: /usr/bin/grep -F
configure:4231: checking for ld used by gcc
configure:4298: result: /Applications/Xcode.app/Contents/Developer/Toolchains/XcodeDefault.xctoolchain/usr/bin/ld
configure:4305: checking if the linker (/Applications/Xcode.app/Contents/Developer/Toolchains/XcodeDefault.xctoolchain/usr/bin/ld) is GNU ld
configure:4320: result: no
configure:4332: checking for BSD- or MS-compatible name lister (nm)
configure:4381: result: /usr/bin/nm
configure:4499: checking the name lister (/usr/bin/nm) interface
configure:4506: gcc -c -Os  conftest.c >&5
configure:4509: /usr/bin/nm "conftest.o"
configure:4512: output
0000000000000000 S _some_variable
configure:4519: result: BSD nm
configure:4522: checking whether ln -s works
configure:4526: result: yes
configure:4534: checking the maximum length of command line arguments
configure:4654: result: 196608
configure:4671: checking whether the shell understands some XSI constructs
configure:4681: result: yes
configure:4685: checking whether the shell understands "+="
configure:4691: result: yes
configure:4726: checking for /Applications/Xcode.app/Contents/Developer/Toolchains/XcodeDefault.xctoolchain/usr/bin/ld option to reload object files
configure:4733: result: -r
configure:4802: checking for objdump
configure:4832: result: no
configure:4861: checking how to recognize dependent libraries
configure:5057: result: pass_all
configure:5117: checking for ar
configure:5133: found /usr/bin/ar
configure:5144: result: ar
configure:5222: checking for strip
configure:5238: found /usr/bin/strip
configure:5249: result: strip
configure:5321: checking for ranlib
configure:5337: found /usr/bin/ranlib
configure:5348: result: ranlib
configure:5438: checking command to parse /usr/bin/nm output from gcc object
configure:5556: gcc -c -Os  conftest.c >&5
configure:5559: $? = 0
configure:5563: /usr/bin/nm conftest.o \| sed -n -e 's/^.*[	 ]\([BCDEGRST][BCDEGRST]*\)[	 ][	 ]*\([_A-Za-z][_A-Za-z0-9]*\)$/\1 \2 \2/p' \> conftest.nm
configure:5566: $? = 0
cannot find nm_test_var in conftest.nm
configure:5556: gcc -c -Os  conftest.c >&5
configure:5559: $? = 0
configure:5563: /usr/bin/nm conftest.o \| sed -n -e 's/^.*[	 ]\([BCDEGRST][BCDEGRST]*\)[	 ][	 ]*_\([_A-Za-z][_A-Za-z0-9]*\)$/\1 _\2 \2/p' \> conftest.nm
configure:5566: $? = 0
configure:5620: gcc -o conftest -Os   conftest.c conftstm.o >&5
configure:5623: $? = 0
configure:5661: result: ok
configure:5926: checking for dsymutil
configure:5942: found /usr/bin/dsymutil
configure:5953: result: dsymutil
configure:6018: checking for nmedit
configure:6034: found /usr/bin/nmedit
configure:6045: result: nmedit
configure:6110: checking for lipo
configure:6126: found /usr/bin/lipo
configure:6137: result: lipo
configure:6202: checking for otool
configure:6218: found /usr/bin/otool
configure:6229: result: otool
configure:6294: checking for otool64
configure:6324: result: no
configure:6369: checking for -single_module linker flag
gcc -Os  -o libconftest.dylib -dynamiclib -Wl,-single_module conftest.c
configure:6396: result: yes
configure:6398: checking for -exported_symbols_list linker flag
configure:6418: gcc -o conftest -Os   -Wl,-exported_symbols_list,conftest.sym conftest.c  >&5
configure:6418: $? = 0
configure:6428: result: yes
configure:6470: checking how to run the C preprocessor
configure:6501: gcc -E  conftest.c
configure:6501: $? = 0
configure:6515: gcc -E  conftest.c
conftest.c:12:10: fatal error: 'ac_nonexistent.h' file not found
#include <ac_nonexistent.h>
         ^
1 error generated.
configure:6515: $? = 1
configure: failed program was:
| /* confdefs.h */
| #define PACKAGE_NAME "shellinabox"
| #define PACKAGE_TARNAME "shellinabox"
| #define PACKAGE_VERSION "2.10"
| #define PACKAGE_STRING "shellinabox 2.10"
| #define PACKAGE_BUGREPORT "markus@shellinabox.com"
| #define PACKAGE_URL ""
| #define VCS_REVISION "239"
| #define PACKAGE "shellinabox"
| #define VERSION "2.10"
| /* end confdefs.h.  */
| #include <ac_nonexistent.h>
configure:6540: result: gcc -E
configure:6560: gcc -E  conftest.c
configure:6560: $? = 0
configure:6574: gcc -E  conftest.c
conftest.c:12:10: fatal error: 'ac_nonexistent.h' file not found
#include <ac_nonexistent.h>
         ^
1 error generated.
configure:6574: $? = 1
configure: failed program was:
| /* confdefs.h */
| #define PACKAGE_NAME "shellinabox"
| #define PACKAGE_TARNAME "shellinabox"
| #define PACKAGE_VERSION "2.10"
| #define PACKAGE_STRING "shellinabox 2.10"
| #define PACKAGE_BUGREPORT "markus@shellinabox.com"
| #define PACKAGE_URL ""
| #define VCS_REVISION "239"
| #define PACKAGE "shellinabox"
| #define VERSION "2.10"
| /* end confdefs.h.  */
| #include <ac_nonexistent.h>
configure:6603: checking for ANSI C header files
configure:6623: gcc -c -Os  conftest.c >&5
configure:6623: $? = 0
configure:6696: gcc -o conftest -Os   conftest.c  >&5
configure:6696: $? = 0
configure:6696: ./conftest
configure:6696: $? = 0
configure:6707: result: yes
configure:6720: checking for sys/types.h
configure:6720: gcc -c -Os  conftest.c >&5
configure:6720: $? = 0
configure:6720: result: yes
configure:6720: checking for sys/stat.h
configure:6720: gcc -c -Os  conftest.c >&5
configure:6720: $? = 0
configure:6720: result: yes
configure:6720: checking for stdlib.h
configure:6720: gcc -c -Os  conftest.c >&5
configure:6720: $? = 0
configure:6720: result: yes
configure:6720: checking for string.h
configure:6720: gcc -c -Os  conftest.c >&5
configure:6720: $? = 0
configure:6720: result: yes
configure:6720: checking for memory.h
configure:6720: gcc -c -Os  conftest.c >&5
configure:6720: $? = 0
configure:6720: result: yes
configure:6720: checking for strings.h
configure:6720: gcc -c -Os  conftest.c >&5
configure:6720: $? = 0
configure:6720: result: yes
configure:6720: checking for inttypes.h
configure:6720: gcc -c -Os  conftest.c >&5
configure:6720: $? = 0
configure:6720: result: yes
configure:6720: checking for stdint.h
configure:6720: gcc -c -Os  conftest.c >&5
configure:6720: $? = 0
configure:6720: result: yes
configure:6720: checking for unistd.h
configure:6720: gcc -c -Os  conftest.c >&5
configure:6720: $? = 0
configure:6720: result: yes
configure:6735: checking for dlfcn.h
configure:6735: gcc -c -Os  conftest.c >&5
configure:6735: $? = 0
configure:6735: result: yes
configure:6919: checking for objdir
configure:6934: result: .libs
configure:7226: checking if gcc supports -fno-rtti -fno-exceptions
configure:7244: gcc -c -Os  -fno-rtti -fno-exceptions conftest.c >&5
configure:7248: $? = 0
configure:7261: result: yes
configure:7281: checking for gcc option to produce PIC
configure:7553: result: -fno-common -DPIC
configure:7565: checking if gcc PIC flag -fno-common -DPIC works
configure:7583: gcc -c -Os  -fno-common -DPIC -DPIC conftest.c >&5
configure:7587: $? = 0
configure:7600: result: yes
configure:7624: checking if gcc static flag -static works
configure:7652: result: no
configure:7667: checking if gcc supports -c -o file.o
configure:7688: gcc -c -Os  -o out/conftest2.o conftest.c >&5
configure:7692: $? = 0
configure:7714: result: yes
configure:7722: checking if gcc supports -c -o file.o
configure:7769: result: yes
configure:7802: checking whether the gcc linker (/Applications/Xcode.app/Contents/Developer/Toolchains/XcodeDefault.xctoolchain/usr/bin/ld) supports shared libraries
configure:8793: result: yes
configure:9032: checking dynamic linker characteristics
configure:9695: result: darwin14.3.0 dyld
configure:9797: checking how to hardcode library paths into programs
configure:9822: result: immediate
configure:10342: checking whether stripping libraries is possible
configure:10356: result: yes
configure:10382: checking if libtool supports shared libraries
configure:10384: result: yes
configure:10387: checking whether to build shared libraries
configure:10408: result: yes
configure:10411: checking whether to build static libraries
configure:10415: result: yes
configure:10451: checking for an ANSI C-conforming const
configure:10516: gcc -c -Os  conftest.c >&5
configure:10516: $? = 0
configure:10523: result: yes
configure:10532: checking whether gcc needs -traditional
conftest.c:24:10: fatal error: 'termio.h' file not found
#include <termio.h>
         ^
1 error generated.
configure:10566: result: no
configure:10578: checking libutil.h usability
configure:10578: gcc -c -Os  conftest.c >&5
conftest.c:57:10: fatal error: 'libutil.h' file not found
#include <libutil.h>
         ^
1 error generated.
configure:10578: $? = 1
configure: failed program was:
| /* confdefs.h */
| #define PACKAGE_NAME "shellinabox"
| #define PACKAGE_TARNAME "shellinabox"
| #define PACKAGE_VERSION "2.10"
| #define PACKAGE_STRING "shellinabox 2.10"
| #define PACKAGE_BUGREPORT "markus@shellinabox.com"
| #define PACKAGE_URL ""
| #define VCS_REVISION "239"
| #define PACKAGE "shellinabox"
| #define VERSION "2.10"
| #define STDC_HEADERS 1
| #define HAVE_SYS_TYPES_H 1
| #define HAVE_SYS_STAT_H 1
| #define HAVE_STDLIB_H 1
| #define HAVE_STRING_H 1
| #define HAVE_MEMORY_H 1
| #define HAVE_STRINGS_H 1
| #define HAVE_INTTYPES_H 1
| #define HAVE_STDINT_H 1
| #define HAVE_UNISTD_H 1
| #define HAVE_DLFCN_H 1
| #define LT_OBJDIR ".libs/"
| /* end confdefs.h.  */
| #include <stdio.h>
| #ifdef HAVE_SYS_TYPES_H
| # include <sys/types.h>
| #endif
| #ifdef HAVE_SYS_STAT_H
| # include <sys/stat.h>
| #endif
| #ifdef STDC_HEADERS
| # include <stdlib.h>
| # include <stddef.h>
| #else
| # ifdef HAVE_STDLIB_H
| #  include <stdlib.h>
| # endif
| #endif
| #ifdef HAVE_STRING_H
| # if !defined STDC_HEADERS && defined HAVE_MEMORY_H
| #  include <memory.h>
| # endif
| # include <string.h>
| #endif
| #ifdef HAVE_STRINGS_H
| # include <strings.h>
| #endif
| #ifdef HAVE_INTTYPES_H
| # include <inttypes.h>
| #endif
| #ifdef HAVE_STDINT_H
| # include <stdint.h>
| #endif
| #ifdef HAVE_UNISTD_H
| # include <unistd.h>
| #endif
| #include <libutil.h>
configure:10578: result: no
configure:10578: checking libutil.h presence
configure:10578: gcc -E  conftest.c
conftest.c:24:10: fatal error: 'libutil.h' file not found
#include <libutil.h>
         ^
1 error generated.
configure:10578: $? = 1
configure: failed program was:
| /* confdefs.h */
| #define PACKAGE_NAME "shellinabox"
| #define PACKAGE_TARNAME "shellinabox"
| #define PACKAGE_VERSION "2.10"
| #define PACKAGE_STRING "shellinabox 2.10"
| #define PACKAGE_BUGREPORT "markus@shellinabox.com"
| #define PACKAGE_URL ""
| #define VCS_REVISION "239"
| #define PACKAGE "shellinabox"
| #define VERSION "2.10"
| #define STDC_HEADERS 1
| #define HAVE_SYS_TYPES_H 1
| #define HAVE_SYS_STAT_H 1
| #define HAVE_STDLIB_H 1
| #define HAVE_STRING_H 1
| #define HAVE_MEMORY_H 1
| #define HAVE_STRINGS_H 1
| #define HAVE_INTTYPES_H 1
| #define HAVE_STDINT_H 1
| #define HAVE_UNISTD_H 1
| #define HAVE_DLFCN_H 1
| #define LT_OBJDIR ".libs/"
| /* end confdefs.h.  */
| #include <libutil.h>
configure:10578: result: no
configure:10578: checking for libutil.h
configure:10578: result: no
configure:10578: checking pthread.h usability
configure:10578: gcc -c -Os  conftest.c >&5
configure:10578: $? = 0
configure:10578: result: yes
configure:10578: checking pthread.h presence
configure:10578: gcc -E  conftest.c
configure:10578: $? = 0
configure:10578: result: yes
configure:10578: checking for pthread.h
configure:10578: result: yes
configure:10578: checking pty.h usability
configure:10578: gcc -c -Os  conftest.c >&5
conftest.c:58:10: fatal error: 'pty.h' file not found
#include <pty.h>
         ^
1 error generated.
configure:10578: $? = 1
configure: failed program was:
| /* confdefs.h */
| #define PACKAGE_NAME "shellinabox"
| #define PACKAGE_TARNAME "shellinabox"
| #define PACKAGE_VERSION "2.10"
| #define PACKAGE_STRING "shellinabox 2.10"
| #define PACKAGE_BUGREPORT "markus@shellinabox.com"
| #define PACKAGE_URL ""
| #define VCS_REVISION "239"
| #define PACKAGE "shellinabox"
| #define VERSION "2.10"
| #define STDC_HEADERS 1
| #define HAVE_SYS_TYPES_H 1
| #define HAVE_SYS_STAT_H 1
| #define HAVE_STDLIB_H 1
| #define HAVE_STRING_H 1
| #define HAVE_MEMORY_H 1
| #define HAVE_STRINGS_H 1
| #define HAVE_INTTYPES_H 1
| #define HAVE_STDINT_H 1
| #define HAVE_UNISTD_H 1
| #define HAVE_DLFCN_H 1
| #define LT_OBJDIR ".libs/"
| #define HAVE_PTHREAD_H 1
| /* end confdefs.h.  */
| #include <stdio.h>
| #ifdef HAVE_SYS_TYPES_H
| # include <sys/types.h>
| #endif
| #ifdef HAVE_SYS_STAT_H
| # include <sys/stat.h>
| #endif
| #ifdef STDC_HEADERS
| # include <stdlib.h>
| # include <stddef.h>
| #else
| # ifdef HAVE_STDLIB_H
| #  include <stdlib.h>
| # endif
| #endif
| #ifdef HAVE_STRING_H
| # if !defined STDC_HEADERS && defined HAVE_MEMORY_H
| #  include <memory.h>
| # endif
| # include <string.h>
| #endif
| #ifdef HAVE_STRINGS_H
| # include <strings.h>
| #endif
| #ifdef HAVE_INTTYPES_H
| # include <inttypes.h>
| #endif
| #ifdef HAVE_STDINT_H
| # include <stdint.h>
| #endif
| #ifdef HAVE_UNISTD_H
| # include <unistd.h>
| #endif
| #include <pty.h>
configure:10578: result: no
configure:10578: checking pty.h presence
configure:10578: gcc -E  conftest.c
conftest.c:25:10: fatal error: 'pty.h' file not found
#include <pty.h>
         ^
1 error generated.
configure:10578: $? = 1
configure: failed program was:
| /* confdefs.h */
| #define PACKAGE_NAME "shellinabox"
| #define PACKAGE_TARNAME "shellinabox"
| #define PACKAGE_VERSION "2.10"
| #define PACKAGE_STRING "shellinabox 2.10"
| #define PACKAGE_BUGREPORT "markus@shellinabox.com"
| #define PACKAGE_URL ""
| #define VCS_REVISION "239"
| #define PACKAGE "shellinabox"
| #define VERSION "2.10"
| #define STDC_HEADERS 1
| #define HAVE_SYS_TYPES_H 1
| #define HAVE_SYS_STAT_H 1
| #define HAVE_STDLIB_H 1
| #define HAVE_STRING_H 1
| #define HAVE_MEMORY_H 1
| #define HAVE_STRINGS_H 1
| #define HAVE_INTTYPES_H 1
| #define HAVE_STDINT_H 1
| #define HAVE_UNISTD_H 1
| #define HAVE_DLFCN_H 1
| #define LT_OBJDIR ".libs/"
| #define HAVE_PTHREAD_H 1
| /* end confdefs.h.  */
| #include <pty.h>
configure:10578: result: no
configure:10578: checking for pty.h
configure:10578: result: no
configure:10578: checking for strings.h
configure:10578: result: yes
configure:10578: checking sys/prctl.h usability
configure:10578: gcc -c -Os  conftest.c >&5
conftest.c:59:10: fatal error: 'sys/prctl.h' file not found
#include <sys/prctl.h>
         ^
1 error generated.
configure:10578: $? = 1
configure: failed program was:
| /* confdefs.h */
| #define PACKAGE_NAME "shellinabox"
| #define PACKAGE_TARNAME "shellinabox"
| #define PACKAGE_VERSION "2.10"
| #define PACKAGE_STRING "shellinabox 2.10"
| #define PACKAGE_BUGREPORT "markus@shellinabox.com"
| #define PACKAGE_URL ""
| #define VCS_REVISION "239"
| #define PACKAGE "shellinabox"
| #define VERSION "2.10"
| #define STDC_HEADERS 1
| #define HAVE_SYS_TYPES_H 1
| #define HAVE_SYS_STAT_H 1
| #define HAVE_STDLIB_H 1
| #define HAVE_STRING_H 1
| #define HAVE_MEMORY_H 1
| #define HAVE_STRINGS_H 1
| #define HAVE_INTTYPES_H 1
| #define HAVE_STDINT_H 1
| #define HAVE_UNISTD_H 1
| #define HAVE_DLFCN_H 1
| #define LT_OBJDIR ".libs/"
| #define HAVE_PTHREAD_H 1
| #define HAVE_STRINGS_H 1
| /* end confdefs.h.  */
| #include <stdio.h>
| #ifdef HAVE_SYS_TYPES_H
| # include <sys/types.h>
| #endif
| #ifdef HAVE_SYS_STAT_H
| # include <sys/stat.h>
| #endif
| #ifdef STDC_HEADERS
| # include <stdlib.h>
| # include <stddef.h>
| #else
| # ifdef HAVE_STDLIB_H
| #  include <stdlib.h>
| # endif
| #endif
| #ifdef HAVE_STRING_H
| # if !defined STDC_HEADERS && defined HAVE_MEMORY_H
| #  include <memory.h>
| # endif
| # include <string.h>
| #endif
| #ifdef HAVE_STRINGS_H
| # include <strings.h>
| #endif
| #ifdef HAVE_INTTYPES_H
| # include <inttypes.h>
| #endif
| #ifdef HAVE_STDINT_H
| # include <stdint.h>
| #endif
| #ifdef HAVE_UNISTD_H
| # include <unistd.h>
| #endif
| #include <sys/prctl.h>
configure:10578: result: no
configure:10578: checking sys/prctl.h presence
configure:10578: gcc -E  conftest.c
conftest.c:26:10: fatal error: 'sys/prctl.h' file not found
#include <sys/prctl.h>
         ^
1 error generated.
configure:10578: $? = 1
configure: failed program was:
| /* confdefs.h */
| #define PACKAGE_NAME "shellinabox"
| #define PACKAGE_TARNAME "shellinabox"
| #define PACKAGE_VERSION "2.10"
| #define PACKAGE_STRING "shellinabox 2.10"
| #define PACKAGE_BUGREPORT "markus@shellinabox.com"
| #define PACKAGE_URL ""
| #define VCS_REVISION "239"
| #define PACKAGE "shellinabox"
| #define VERSION "2.10"
| #define STDC_HEADERS 1
| #define HAVE_SYS_TYPES_H 1
| #define HAVE_SYS_STAT_H 1
| #define HAVE_STDLIB_H 1
| #define HAVE_STRING_H 1
| #define HAVE_MEMORY_H 1
| #define HAVE_STRINGS_H 1
| #define HAVE_INTTYPES_H 1
| #define HAVE_STDINT_H 1
| #define HAVE_UNISTD_H 1
| #define HAVE_DLFCN_H 1
| #define LT_OBJDIR ".libs/"
| #define HAVE_PTHREAD_H 1
| #define HAVE_STRINGS_H 1
| /* end confdefs.h.  */
| #include <sys/prctl.h>
configure:10578: result: no
configure:10578: checking for sys/prctl.h
configure:10578: result: no
configure:10578: checking sys/uio.h usability
configure:10578: gcc -c -Os  conftest.c >&5
configure:10578: $? = 0
configure:10578: result: yes
configure:10578: checking sys/uio.h presence
configure:10578: gcc -E  conftest.c
configure:10578: $? = 0
configure:10578: result: yes
configure:10578: checking for sys/uio.h
configure:10578: result: yes
configure:10578: checking util.h usability
configure:10578: gcc -c -Os  conftest.c >&5
configure:10578: $? = 0
configure:10578: result: yes
configure:10578: checking util.h presence
configure:10578: gcc -E  conftest.c
configure:10578: $? = 0
configure:10578: result: yes
configure:10578: checking for util.h
configure:10578: result: yes
configure:10578: checking utmp.h usability
configure:10578: gcc -c -Os  conftest.c >&5
configure:10578: $? = 0
configure:10578: result: yes
configure:10578: checking utmp.h presence
configure:10578: gcc -E  conftest.c
configure:10578: $? = 0
configure:10578: result: yes
configure:10578: checking for utmp.h
configure:10578: result: yes
configure:10578: checking utmpx.h usability
configure:10578: gcc -c -Os  conftest.c >&5
configure:10578: $? = 0
configure:10578: result: yes
configure:10578: checking utmpx.h presence
configure:10578: gcc -E  conftest.c
configure:10578: $? = 0
configure:10578: result: yes
configure:10578: checking for utmpx.h
configure:10578: result: yes
configure:10592: checking for login_tty
configure:10592: gcc -o conftest -Os   conftest.c  >&5
configure:10592: $? = 0
configure:10592: result: yes
configure:10647: checking for strlcat
configure:10647: gcc -o conftest -Os   conftest.c  >&5
conftest.c:54:6: warning: incompatible redeclaration of library function 'strlcat' [-Wincompatible-library-redeclaration]
char strlcat ();
     ^
conftest.c:54:6: note: 'strlcat' is a builtin with type 'unsigned long (char *, const char *, unsigned long)'
1 warning generated.
configure:10647: $? = 0
configure: failed program was:
| /* confdefs.h */
| #define PACKAGE_NAME "shellinabox"
| #define PACKAGE_TARNAME "shellinabox"
| #define PACKAGE_VERSION "2.10"
| #define PACKAGE_STRING "shellinabox 2.10"
| #define PACKAGE_BUGREPORT "markus@shellinabox.com"
| #define PACKAGE_URL ""
| #define VCS_REVISION "239"
| #define PACKAGE "shellinabox"
| #define VERSION "2.10"
| #define STDC_HEADERS 1
| #define HAVE_SYS_TYPES_H 1
| #define HAVE_SYS_STAT_H 1
| #define HAVE_STDLIB_H 1
| #define HAVE_STRING_H 1
| #define HAVE_MEMORY_H 1
| #define HAVE_STRINGS_H 1
| #define HAVE_INTTYPES_H 1
| #define HAVE_STDINT_H 1
| #define HAVE_UNISTD_H 1
| #define HAVE_DLFCN_H 1
| #define LT_OBJDIR ".libs/"
| #define HAVE_PTHREAD_H 1
| #define HAVE_STRINGS_H 1
| #define HAVE_SYS_UIO_H 1
| #define HAVE_UTIL_H 1
| #define HAVE_UTMP_H 1
| #define HAVE_UTMPX_H 1
| #define HAVE_LOGIN_TTY 1
| /* end confdefs.h.  */
| /* Define strlcat to an innocuous variant, in case <limits.h> declares strlcat.
|    For example, HP-UX 11i <limits.h> declares gettimeofday.  */
| #define strlcat innocuous_strlcat
| 
| /* System header to define __stub macros and hopefully few prototypes,
|     which can conflict with char strlcat (); below.
|     Prefer <limits.h> to <assert.h> if __STDC__ is defined, since
|     <limits.h> exists even on freestanding compilers.  */
| 
| #ifdef __STDC__
| # include <limits.h>
| #else
| # include <assert.h>
| #endif
| 
| #undef strlcat
| 
| /* Override any GCC internal prototype to avoid an error.
|    Use char because int might match the return type of a GCC
|    builtin and then its argument prototype would still apply.  */
| #ifdef __cplusplus
| extern "C"
| #endif
| char strlcat ();
| /* The GNU C library defines this for functions which it implements
|     to always fail with ENOSYS.  Some functions are actually named
|     something starting with __ and the normal name is an alias.  */
| #if defined __stub_strlcat || defined __stub___strlcat
| choke me
| #endif
| 
| int
| main ()
| {
| return strlcat ();
|   ;
|   return 0;
| }
configure:10647: result: no
configure:10661: checking for getgrgid_r
configure:10661: gcc -o conftest -Os   conftest.c  >&5
configure:10661: $? = 0
configure:10661: result: yes
configure:10661: checking for getgrnam_r
configure:10661: gcc -o conftest -Os   conftest.c  >&5
configure:10661: $? = 0
configure:10661: result: yes
configure:10661: checking for gethostbyname_r
configure:10661: gcc -o conftest -Os   conftest.c  >&5
Undefined symbols for architecture x86_64:
  "_gethostbyname_r", referenced from:
      _main in conftest-6ec4db.o
ld: symbol(s) not found for architecture x86_64
clang: error: linker command failed with exit code 1 (use -v to see invocation)
configure:10661: $? = 1
configure: failed program was:
| /* confdefs.h */
| #define PACKAGE_NAME "shellinabox"
| #define PACKAGE_TARNAME "shellinabox"
| #define PACKAGE_VERSION "2.10"
| #define PACKAGE_STRING "shellinabox 2.10"
| #define PACKAGE_BUGREPORT "markus@shellinabox.com"
| #define PACKAGE_URL ""
| #define VCS_REVISION "239"
| #define PACKAGE "shellinabox"
| #define VERSION "2.10"
| #define STDC_HEADERS 1
| #define HAVE_SYS_TYPES_H 1
| #define HAVE_SYS_STAT_H 1
| #define HAVE_STDLIB_H 1
| #define HAVE_STRING_H 1
| #define HAVE_MEMORY_H 1
| #define HAVE_STRINGS_H 1
| #define HAVE_INTTYPES_H 1
| #define HAVE_STDINT_H 1
| #define HAVE_UNISTD_H 1
| #define HAVE_DLFCN_H 1
| #define LT_OBJDIR ".libs/"
| #define HAVE_PTHREAD_H 1
| #define HAVE_STRINGS_H 1
| #define HAVE_SYS_UIO_H 1
| #define HAVE_UTIL_H 1
| #define HAVE_UTMP_H 1
| #define HAVE_UTMPX_H 1
| #define HAVE_LOGIN_TTY 1
| #define HAVE_GETGRGID_R 1
| #define HAVE_GETGRNAM_R 1
| /* end confdefs.h.  */
| /* Define gethostbyname_r to an innocuous variant, in case <limits.h> declares gethostbyname_r.
|    For example, HP-UX 11i <limits.h> declares gettimeofday.  */
| #define gethostbyname_r innocuous_gethostbyname_r
| 
| /* System header to define __stub macros and hopefully few prototypes,
|     which can conflict with char gethostbyname_r (); below.
|     Prefer <limits.h> to <assert.h> if __STDC__ is defined, since
|     <limits.h> exists even on freestanding compilers.  */
| 
| #ifdef __STDC__
| # include <limits.h>
| #else
| # include <assert.h>
| #endif
| 
| #undef gethostbyname_r
| 
| /* Override any GCC internal prototype to avoid an error.
|    Use char because int might match the return type of a GCC
|    builtin and then its argument prototype would still apply.  */
| #ifdef __cplusplus
| extern "C"
| #endif
| char gethostbyname_r ();
| /* The GNU C library defines this for functions which it implements
|     to always fail with ENOSYS.  Some functions are actually named
|     something starting with __ and the normal name is an alias.  */
| #if defined __stub_gethostbyname_r || defined __stub___gethostbyname_r
| choke me
| #endif
| 
| int
| main ()
| {
| return gethostbyname_r ();
|   ;
|   return 0;
| }
configure:10661: result: no
configure:10661: checking for getpwnam_r
configure:10661: gcc -o conftest -Os   conftest.c  >&5
configure:10661: $? = 0
configure:10661: result: yes
configure:10661: checking for getpwuid_r
configure:10661: gcc -o conftest -Os   conftest.c  >&5
configure:10661: $? = 0
configure:10661: result: yes
configure:10661: checking for openpty
configure:10661: gcc -o conftest -Os   conftest.c  >&5
configure:10661: $? = 0
configure:10661: result: yes
configure:10661: checking for strcasestr
configure:10661: gcc -o conftest -Os   conftest.c  >&5
configure:10661: $? = 0
configure:10661: result: yes
configure:10661: checking for getresuid
configure:10661: gcc -o conftest -Os   conftest.c  >&5
Undefined symbols for architecture x86_64:
  "_getresuid", referenced from:
      _main in conftest-8628ab.o
ld: symbol(s) not found for architecture x86_64
clang: error: linker command failed with exit code 1 (use -v to see invocation)
configure:10661: $? = 1
configure: failed program was:
| /* confdefs.h */
| #define PACKAGE_NAME "shellinabox"
| #define PACKAGE_TARNAME "shellinabox"
| #define PACKAGE_VERSION "2.10"
| #define PACKAGE_STRING "shellinabox 2.10"
| #define PACKAGE_BUGREPORT "markus@shellinabox.com"
| #define PACKAGE_URL ""
| #define VCS_REVISION "239"
| #define PACKAGE "shellinabox"
| #define VERSION "2.10"
| #define STDC_HEADERS 1
| #define HAVE_SYS_TYPES_H 1
| #define HAVE_SYS_STAT_H 1
| #define HAVE_STDLIB_H 1
| #define HAVE_STRING_H 1
| #define HAVE_MEMORY_H 1
| #define HAVE_STRINGS_H 1
| #define HAVE_INTTYPES_H 1
| #define HAVE_STDINT_H 1
| #define HAVE_UNISTD_H 1
| #define HAVE_DLFCN_H 1
| #define LT_OBJDIR ".libs/"
| #define HAVE_PTHREAD_H 1
| #define HAVE_STRINGS_H 1
| #define HAVE_SYS_UIO_H 1
| #define HAVE_UTIL_H 1
| #define HAVE_UTMP_H 1
| #define HAVE_UTMPX_H 1
| #define HAVE_LOGIN_TTY 1
| #define HAVE_GETGRGID_R 1
| #define HAVE_GETGRNAM_R 1
| #define HAVE_GETPWNAM_R 1
| #define HAVE_GETPWUID_R 1
| #define HAVE_OPENPTY 1
| #define HAVE_STRCASESTR 1
| /* end confdefs.h.  */
| /* Define getresuid to an innocuous variant, in case <limits.h> declares getresuid.
|    For example, HP-UX 11i <limits.h> declares gettimeofday.  */
| #define getresuid innocuous_getresuid
| 
| /* System header to define __stub macros and hopefully few prototypes,
|     which can conflict with char getresuid (); below.
|     Prefer <limits.h> to <assert.h> if __STDC__ is defined, since
|     <limits.h> exists even on freestanding compilers.  */
| 
| #ifdef __STDC__
| # include <limits.h>
| #else
| # include <assert.h>
| #endif
| 
| #undef getresuid
| 
| /* Override any GCC internal prototype to avoid an error.
|    Use char because int might match the return type of a GCC
|    builtin and then its argument prototype would still apply.  */
| #ifdef __cplusplus
| extern "C"
| #endif
| char getresuid ();
| /* The GNU C library defines this for functions which it implements
|     to always fail with ENOSYS.  Some functions are actually named
|     something starting with __ and the normal name is an alias.  */
| #if defined __stub_getresuid || defined __stub___getresuid
| choke me
| #endif
| 
| int
| main ()
| {
| return getresuid ();
|   ;
|   return 0;
| }
configure:10661: result: no
configure:10661: checking for getresgid
configure:10661: gcc -o conftest -Os   conftest.c  >&5
Undefined symbols for architecture x86_64:
  "_getresgid", referenced from:
      _main in conftest-ae2832.o
ld: symbol(s) not found for architecture x86_64
clang: error: linker command failed with exit code 1 (use -v to see invocation)
configure:10661: $? = 1
configure: failed program was:
| /* confdefs.h */
| #define PACKAGE_NAME "shellinabox"
| #define PACKAGE_TARNAME "shellinabox"
| #define PACKAGE_VERSION "2.10"
| #define PACKAGE_STRING "shellinabox 2.10"
| #define PACKAGE_BUGREPORT "markus@shellinabox.com"
| #define PACKAGE_URL ""
| #define VCS_REVISION "239"
| #define PACKAGE "shellinabox"
| #define VERSION "2.10"
| #define STDC_HEADERS 1
| #define HAVE_SYS_TYPES_H 1
| #define HAVE_SYS_STAT_H 1
| #define HAVE_STDLIB_H 1
| #define HAVE_STRING_H 1
| #define HAVE_MEMORY_H 1
| #define HAVE_STRINGS_H 1
| #define HAVE_INTTYPES_H 1
| #define HAVE_STDINT_H 1
| #define HAVE_UNISTD_H 1
| #define HAVE_DLFCN_H 1
| #define LT_OBJDIR ".libs/"
| #define HAVE_PTHREAD_H 1
| #define HAVE_STRINGS_H 1
| #define HAVE_SYS_UIO_H 1
| #define HAVE_UTIL_H 1
| #define HAVE_UTMP_H 1
| #define HAVE_UTMPX_H 1
| #define HAVE_LOGIN_TTY 1
| #define HAVE_GETGRGID_R 1
| #define HAVE_GETGRNAM_R 1
| #define HAVE_GETPWNAM_R 1
| #define HAVE_GETPWUID_R 1
| #define HAVE_OPENPTY 1
| #define HAVE_STRCASESTR 1
| /* end confdefs.h.  */
| /* Define getresgid to an innocuous variant, in case <limits.h> declares getresgid.
|    For example, HP-UX 11i <limits.h> declares gettimeofday.  */
| #define getresgid innocuous_getresgid
| 
| /* System header to define __stub macros and hopefully few prototypes,
|     which can conflict with char getresgid (); below.
|     Prefer <limits.h> to <assert.h> if __STDC__ is defined, since
|     <limits.h> exists even on freestanding compilers.  */
| 
| #ifdef __STDC__
| # include <limits.h>
| #else
| # include <assert.h>
| #endif
| 
| #undef getresgid
| 
| /* Override any GCC internal prototype to avoid an error.
|    Use char because int might match the return type of a GCC
|    builtin and then its argument prototype would still apply.  */
| #ifdef __cplusplus
| extern "C"
| #endif
| char getresgid ();
| /* The GNU C library defines this for functions which it implements
|     to always fail with ENOSYS.  Some functions are actually named
|     something starting with __ and the normal name is an alias.  */
| #if defined __stub_getresgid || defined __stub___getresgid
| choke me
| #endif
| 
| int
| main ()
| {
| return getresgid ();
|   ;
|   return 0;
| }
configure:10661: result: no
configure:10661: checking for setresuid
configure:10661: gcc -o conftest -Os   conftest.c  >&5
Undefined symbols for architecture x86_64:
  "_setresuid", referenced from:
      _main in conftest-736d45.o
ld: symbol(s) not found for architecture x86_64
clang: error: linker command failed with exit code 1 (use -v to see invocation)
configure:10661: $? = 1
configure: failed program was:
| /* confdefs.h */
| #define PACKAGE_NAME "shellinabox"
| #define PACKAGE_TARNAME "shellinabox"
| #define PACKAGE_VERSION "2.10"
| #define PACKAGE_STRING "shellinabox 2.10"
| #define PACKAGE_BUGREPORT "markus@shellinabox.com"
| #define PACKAGE_URL ""
| #define VCS_REVISION "239"
| #define PACKAGE "shellinabox"
| #define VERSION "2.10"
| #define STDC_HEADERS 1
| #define HAVE_SYS_TYPES_H 1
| #define HAVE_SYS_STAT_H 1
| #define HAVE_STDLIB_H 1
| #define HAVE_STRING_H 1
| #define HAVE_MEMORY_H 1
| #define HAVE_STRINGS_H 1
| #define HAVE_INTTYPES_H 1
| #define HAVE_STDINT_H 1
| #define HAVE_UNISTD_H 1
| #define HAVE_DLFCN_H 1
| #define LT_OBJDIR ".libs/"
| #define HAVE_PTHREAD_H 1
| #define HAVE_STRINGS_H 1
| #define HAVE_SYS_UIO_H 1
| #define HAVE_UTIL_H 1
| #define HAVE_UTMP_H 1
| #define HAVE_UTMPX_H 1
| #define HAVE_LOGIN_TTY 1
| #define HAVE_GETGRGID_R 1
| #define HAVE_GETGRNAM_R 1
| #define HAVE_GETPWNAM_R 1
| #define HAVE_GETPWUID_R 1
| #define HAVE_OPENPTY 1
| #define HAVE_STRCASESTR 1
| /* end confdefs.h.  */
| /* Define setresuid to an innocuous variant, in case <limits.h> declares setresuid.
|    For example, HP-UX 11i <limits.h> declares gettimeofday.  */
| #define setresuid innocuous_setresuid
| 
| /* System header to define __stub macros and hopefully few prototypes,
|     which can conflict with char setresuid (); below.
|     Prefer <limits.h> to <assert.h> if __STDC__ is defined, since
|     <limits.h> exists even on freestanding compilers.  */
| 
| #ifdef __STDC__
| # include <limits.h>
| #else
| # include <assert.h>
| #endif
| 
| #undef setresuid
| 
| /* Override any GCC internal prototype to avoid an error.
|    Use char because int might match the return type of a GCC
|    builtin and then its argument prototype would still apply.  */
| #ifdef __cplusplus
| extern "C"
| #endif
| char setresuid ();
| /* The GNU C library defines this for functions which it implements
|     to always fail with ENOSYS.  Some functions are actually named
|     something starting with __ and the normal name is an alias.  */
| #if defined __stub_setresuid || defined __stub___setresuid
| choke me
| #endif
| 
| int
| main ()
| {
| return setresuid ();
|   ;
|   return 0;
| }
configure:10661: result: no
configure:10661: checking for setresgid
configure:10661: gcc -o conftest -Os   conftest.c  >&5
Undefined symbols for architecture x86_64:
  "_setresgid", referenced from:
      _main in conftest-1a1bad.o
ld: symbol(s) not found for architecture x86_64
clang: error: linker command failed with exit code 1 (use -v to see invocation)
configure:10661: $? = 1
configure: failed program was:
| /* confdefs.h */
| #define PACKAGE_NAME "shellinabox"
| #define PACKAGE_TARNAME "shellinabox"
| #define PACKAGE_VERSION "2.10"
| #define PACKAGE_STRING "shellinabox 2.10"
| #define PACKAGE_BUGREPORT "markus@shellinabox.com"
| #define PACKAGE_URL ""
| #define VCS_REVISION "239"
| #define PACKAGE "shellinabox"
| #define VERSION "2.10"
| #define STDC_HEADERS 1
| #define HAVE_SYS_TYPES_H 1
| #define HAVE_SYS_STAT_H 1
| #define HAVE_STDLIB_H 1
| #define HAVE_STRING_H 1
| #define HAVE_MEMORY_H 1
| #define HAVE_STRINGS_H 1
| #define HAVE_INTTYPES_H 1
| #define HAVE_STDINT_H 1
| #define HAVE_UNISTD_H 1
| #define HAVE_DLFCN_H 1
| #define LT_OBJDIR ".libs/"
| #define HAVE_PTHREAD_H 1
| #define HAVE_STRINGS_H 1
| #define HAVE_SYS_UIO_H 1
| #define HAVE_UTIL_H 1
| #define HAVE_UTMP_H 1
| #define HAVE_UTMPX_H 1
| #define HAVE_LOGIN_TTY 1
| #define HAVE_GETGRGID_R 1
| #define HAVE_GETGRNAM_R 1
| #define HAVE_GETPWNAM_R 1
| #define HAVE_GETPWUID_R 1
| #define HAVE_OPENPTY 1
| #define HAVE_STRCASESTR 1
| /* end confdefs.h.  */
| /* Define setresgid to an innocuous variant, in case <limits.h> declares setresgid.
|    For example, HP-UX 11i <limits.h> declares gettimeofday.  */
| #define setresgid innocuous_setresgid
| 
| /* System header to define __stub macros and hopefully few prototypes,
|     which can conflict with char setresgid (); below.
|     Prefer <limits.h> to <assert.h> if __STDC__ is defined, since
|     <limits.h> exists even on freestanding compilers.  */
| 
| #ifdef __STDC__
| # include <limits.h>
| #else
| # include <assert.h>
| #endif
| 
| #undef setresgid
| 
| /* Override any GCC internal prototype to avoid an error.
|    Use char because int might match the return type of a GCC
|    builtin and then its argument prototype would still apply.  */
| #ifdef __cplusplus
| extern "C"
| #endif
| char setresgid ();
| /* The GNU C library defines this for functions which it implements
|     to always fail with ENOSYS.  Some functions are actually named
|     something starting with __ and the normal name is an alias.  */
| #if defined __stub_setresgid || defined __stub___setresgid
| choke me
| #endif
| 
| int
| main ()
| {
| return setresgid ();
|   ;
|   return 0;
| }
configure:10661: result: no
configure:10689: gcc -o conftest -Os   conftest.c  >&5
conftest.c:47:15: warning: implicit declaration of function 'ptsname_r' is invalid in C99 [-Wimplicit-function-declaration]
char buf[10]; ptsname_r(0, buf, sizeof(buf));
              ^
1 warning generated.
Undefined symbols for architecture x86_64:
  "_ptsname_r", referenced from:
      _main in conftest-e6de1c.o
ld: symbol(s) not found for architecture x86_64
clang: error: linker command failed with exit code 1 (use -v to see invocation)
configure:10689: $? = 1
configure: failed program was:
| /* confdefs.h */
| #define PACKAGE_NAME "shellinabox"
| #define PACKAGE_TARNAME "shellinabox"
| #define PACKAGE_VERSION "2.10"
| #define PACKAGE_STRING "shellinabox 2.10"
| #define PACKAGE_BUGREPORT "markus@shellinabox.com"
| #define PACKAGE_URL ""
| #define VCS_REVISION "239"
| #define PACKAGE "shellinabox"
| #define VERSION "2.10"
| #define STDC_HEADERS 1
| #define HAVE_SYS_TYPES_H 1
| #define HAVE_SYS_STAT_H 1
| #define HAVE_STDLIB_H 1
| #define HAVE_STRING_H 1
| #define HAVE_MEMORY_H 1
| #define HAVE_STRINGS_H 1
| #define HAVE_INTTYPES_H 1
| #define HAVE_STDINT_H 1
| #define HAVE_UNISTD_H 1
| #define HAVE_DLFCN_H 1
| #define LT_OBJDIR ".libs/"
| #define HAVE_PTHREAD_H 1
| #define HAVE_STRINGS_H 1
| #define HAVE_SYS_UIO_H 1
| #define HAVE_UTIL_H 1
| #define HAVE_UTMP_H 1
| #define HAVE_UTMPX_H 1
| #define HAVE_LOGIN_TTY 1
| #define HAVE_GETGRGID_R 1
| #define HAVE_GETGRNAM_R 1
| #define HAVE_GETPWNAM_R 1
| #define HAVE_GETPWUID_R 1
| #define HAVE_OPENPTY 1
| #define HAVE_STRCASESTR 1
| /* end confdefs.h.  */
| #ifndef _XOPEN_SOURCE
|              #define _XOPEN_SOURCE
|              #endif
|              #ifndef _GNU_SOURCE
|              #define _GNU_SOURCE
|              #endif
|              #include <stdlib.h>
| int
| main ()
| {
| char buf[10]; ptsname_r(0, buf, sizeof(buf));
|   ;
|   return 0;
| }
configure:10709: gcc -o conftest -Os   conftest.c  >&5
configure:10709: $? = 0
configure:10728: gcc -o conftest -Os   conftest.c  >&5
configure:10728: $? = 0
configure:10747: gcc -o conftest -Os   conftest.c  >&5
conftest.c:43:1: warning: implicit declaration of function 'updwtmp' is invalid in C99 [-Wimplicit-function-declaration]
updwtmp(0, 0);
^
1 warning generated.
Undefined symbols for architecture x86_64:
  "_updwtmp", referenced from:
      _main in conftest-d936fe.o
ld: symbol(s) not found for architecture x86_64
clang: error: linker command failed with exit code 1 (use -v to see invocation)
configure:10747: $? = 1
configure: failed program was:
| /* confdefs.h */
| #define PACKAGE_NAME "shellinabox"
| #define PACKAGE_TARNAME "shellinabox"
| #define PACKAGE_VERSION "2.10"
| #define PACKAGE_STRING "shellinabox 2.10"
| #define PACKAGE_BUGREPORT "markus@shellinabox.com"
| #define PACKAGE_URL ""
| #define VCS_REVISION "239"
| #define PACKAGE "shellinabox"
| #define VERSION "2.10"
| #define STDC_HEADERS 1
| #define HAVE_SYS_TYPES_H 1
| #define HAVE_SYS_STAT_H 1
| #define HAVE_STDLIB_H 1
| #define HAVE_STRING_H 1
| #define HAVE_MEMORY_H 1
| #define HAVE_STRINGS_H 1
| #define HAVE_INTTYPES_H 1
| #define HAVE_STDINT_H 1
| #define HAVE_UNISTD_H 1
| #define HAVE_DLFCN_H 1
| #define LT_OBJDIR ".libs/"
| #define HAVE_PTHREAD_H 1
| #define HAVE_STRINGS_H 1
| #define HAVE_SYS_UIO_H 1
| #define HAVE_UTIL_H 1
| #define HAVE_UTMP_H 1
| #define HAVE_UTMPX_H 1
| #define HAVE_LOGIN_TTY 1
| #define HAVE_GETGRGID_R 1
| #define HAVE_GETGRNAM_R 1
| #define HAVE_GETPWNAM_R 1
| #define HAVE_GETPWUID_R 1
| #define HAVE_OPENPTY 1
| #define HAVE_STRCASESTR 1
| #define HAVE_SIGWAIT 1
| #define HAVE_ISNAN 1
| /* end confdefs.h.  */
| #include <utmp.h>
| int
| main ()
| {
| updwtmp(0, 0);
|   ;
|   return 0;
| }
configure:10765: gcc -o conftest -Os   conftest.c  >&5
conftest.c:43:1: warning: implicit declaration of function 'updwtmpx' is invalid in C99 [-Wimplicit-function-declaration]
updwtmpx(0, 0);
^
1 warning generated.
Undefined symbols for architecture x86_64:
  "_updwtmpx", referenced from:
      _main in conftest-4bc7c0.o
ld: symbol(s) not found for architecture x86_64
clang: error: linker command failed with exit code 1 (use -v to see invocation)
configure:10765: $? = 1
configure: failed program was:
| /* confdefs.h */
| #define PACKAGE_NAME "shellinabox"
| #define PACKAGE_TARNAME "shellinabox"
| #define PACKAGE_VERSION "2.10"
| #define PACKAGE_STRING "shellinabox 2.10"
| #define PACKAGE_BUGREPORT "markus@shellinabox.com"
| #define PACKAGE_URL ""
| #define VCS_REVISION "239"
| #define PACKAGE "shellinabox"
| #define VERSION "2.10"
| #define STDC_HEADERS 1
| #define HAVE_SYS_TYPES_H 1
| #define HAVE_SYS_STAT_H 1
| #define HAVE_STDLIB_H 1
| #define HAVE_STRING_H 1
| #define HAVE_MEMORY_H 1
| #define HAVE_STRINGS_H 1
| #define HAVE_INTTYPES_H 1
| #define HAVE_STDINT_H 1
| #define HAVE_UNISTD_H 1
| #define HAVE_DLFCN_H 1
| #define LT_OBJDIR ".libs/"
| #define HAVE_PTHREAD_H 1
| #define HAVE_STRINGS_H 1
| #define HAVE_SYS_UIO_H 1
| #define HAVE_UTIL_H 1
| #define HAVE_UTMP_H 1
| #define HAVE_UTMPX_H 1
| #define HAVE_LOGIN_TTY 1
| #define HAVE_GETGRGID_R 1
| #define HAVE_GETGRNAM_R 1
| #define HAVE_GETPWNAM_R 1
| #define HAVE_GETPWUID_R 1
| #define HAVE_OPENPTY 1
| #define HAVE_STRCASESTR 1
| #define HAVE_SIGWAIT 1
| #define HAVE_ISNAN 1
| /* end confdefs.h.  */
| #include <utmpx.h>
| int
| main ()
| {
| updwtmpx(0, 0);
|   ;
|   return 0;
| }
configure:10785: gcc -o conftest -Os   conftest.c  >&5
conftest.c:40:42: error: only weak aliases are supported on darwin
             void y(void) __attribute__((alias("x")));
                                         ^
1 error generated.
configure:10785: $? = 1
configure: failed program was:
| /* confdefs.h */
| #define PACKAGE_NAME "shellinabox"
| #define PACKAGE_TARNAME "shellinabox"
| #define PACKAGE_VERSION "2.10"
| #define PACKAGE_STRING "shellinabox 2.10"
| #define PACKAGE_BUGREPORT "markus@shellinabox.com"
| #define PACKAGE_URL ""
| #define VCS_REVISION "239"
| #define PACKAGE "shellinabox"
| #define VERSION "2.10"
| #define STDC_HEADERS 1
| #define HAVE_SYS_TYPES_H 1
| #define HAVE_SYS_STAT_H 1
| #define HAVE_STDLIB_H 1
| #define HAVE_STRING_H 1
| #define HAVE_MEMORY_H 1
| #define HAVE_STRINGS_H 1
| #define HAVE_INTTYPES_H 1
| #define HAVE_STDINT_H 1
| #define HAVE_UNISTD_H 1
| #define HAVE_DLFCN_H 1
| #define LT_OBJDIR ".libs/"
| #define HAVE_PTHREAD_H 1
| #define HAVE_STRINGS_H 1
| #define HAVE_SYS_UIO_H 1
| #define HAVE_UTIL_H 1
| #define HAVE_UTMP_H 1
| #define HAVE_UTMPX_H 1
| #define HAVE_LOGIN_TTY 1
| #define HAVE_GETGRGID_R 1
| #define HAVE_GETGRNAM_R 1
| #define HAVE_GETPWNAM_R 1
| #define HAVE_GETPWUID_R 1
| #define HAVE_OPENPTY 1
| #define HAVE_STRCASESTR 1
| #define HAVE_SIGWAIT 1
| #define HAVE_ISNAN 1
| /* end confdefs.h.  */
| void x(void) { };
|              void y(void) __attribute__((alias("x")));
| int
| main ()
| {
| y();
|   ;
|   return 0;
| }
configure:10804: gcc -o conftest -Os   conftest.c  >&5
configure:10804: $? = 0
configure:10825: gcc -o conftest -Os   conftest.c  >&5
configure:10825: $? = 0
configure:10866: checking openssl/bio.h usability
configure:10866: gcc -c -Os  conftest.c >&5
configure:10866: $? = 0
configure:10866: result: yes
configure:10866: checking openssl/bio.h presence
configure:10866: gcc -E  conftest.c
configure:10866: $? = 0
configure:10866: result: yes
configure:10866: checking for openssl/bio.h
configure:10866: result: yes
configure:10866: checking openssl/err.h usability
configure:10866: gcc -c -Os  conftest.c >&5
configure:10866: $? = 0
configure:10866: result: yes
configure:10866: checking openssl/err.h presence
configure:10866: gcc -E  conftest.c
configure:10866: $? = 0
configure:10866: result: yes
configure:10866: checking for openssl/err.h
configure:10866: result: yes
configure:10866: checking openssl/ssl.h usability
configure:10866: gcc -c -Os  conftest.c >&5
configure:10866: $? = 0
configure:10866: result: yes
configure:10866: checking openssl/ssl.h presence
configure:10866: gcc -E  conftest.c
configure:10866: $? = 0
configure:10866: result: yes
configure:10866: checking for openssl/ssl.h
configure:10866: result: yes
configure:10884: checking security/pam_appl.h usability
configure:10884: gcc -c -Os  conftest.c >&5
configure:10884: $? = 0
configure:10884: result: yes
configure:10884: checking security/pam_appl.h presence
configure:10884: gcc -E  conftest.c
configure:10884: $? = 0
configure:10884: result: yes
configure:10884: checking for security/pam_appl.h
configure:10884: result: yes
configure:10884: checking security/pam_client.h usability
configure:10884: gcc -c -Os  conftest.c >&5
conftest.c:79:10: fatal error: 'security/pam_client.h' file not found
#include <security/pam_client.h>
         ^
1 error generated.
configure:10884: $? = 1
configure: failed program was:
| /* confdefs.h */
| #define PACKAGE_NAME "shellinabox"
| #define PACKAGE_TARNAME "shellinabox"
| #define PACKAGE_VERSION "2.10"
| #define PACKAGE_STRING "shellinabox 2.10"
| #define PACKAGE_BUGREPORT "markus@shellinabox.com"
| #define PACKAGE_URL ""
| #define VCS_REVISION "239"
| #define PACKAGE "shellinabox"
| #define VERSION "2.10"
| #define STDC_HEADERS 1
| #define HAVE_SYS_TYPES_H 1
| #define HAVE_SYS_STAT_H 1
| #define HAVE_STDLIB_H 1
| #define HAVE_STRING_H 1
| #define HAVE_MEMORY_H 1
| #define HAVE_STRINGS_H 1
| #define HAVE_INTTYPES_H 1
| #define HAVE_STDINT_H 1
| #define HAVE_UNISTD_H 1
| #define HAVE_DLFCN_H 1
| #define LT_OBJDIR ".libs/"
| #define HAVE_PTHREAD_H 1
| #define HAVE_STRINGS_H 1
| #define HAVE_SYS_UIO_H 1
| #define HAVE_UTIL_H 1
| #define HAVE_UTMP_H 1
| #define HAVE_UTMPX_H 1
| #define HAVE_LOGIN_TTY 1
| #define HAVE_GETGRGID_R 1
| #define HAVE_GETGRNAM_R 1
| #define HAVE_GETPWNAM_R 1
| #define HAVE_GETPWUID_R 1
| #define HAVE_OPENPTY 1
| #define HAVE_STRCASESTR 1
| #define HAVE_SIGWAIT 1
| #define HAVE_ISNAN 1
| #define HAVE_ATTRIBUTE_UNUSED 1
| #define HAVE_GETGROUPLIST_TAKES_INTS 1
| #define HAVE_BIN_LOGIN 1
| #define HAVE_OPENSSL_BIO_H 1
| #define HAVE_OPENSSL_ERR_H 1
| #define HAVE_OPENSSL_SSL_H 1
| #define HAVE_SECURITY_PAM_APPL_H 1
| /* end confdefs.h.  */
| #include <stdio.h>
| #ifdef HAVE_SYS_TYPES_H
| # include <sys/types.h>
| #endif
| #ifdef HAVE_SYS_STAT_H
| # include <sys/stat.h>
| #endif
| #ifdef STDC_HEADERS
| # include <stdlib.h>
| # include <stddef.h>
| #else
| # ifdef HAVE_STDLIB_H
| #  include <stdlib.h>
| # endif
| #endif
| #ifdef HAVE_STRING_H
| # if !defined STDC_HEADERS && defined HAVE_MEMORY_H
| #  include <memory.h>
| # endif
| # include <string.h>
| #endif
| #ifdef HAVE_STRINGS_H
| # include <strings.h>
| #endif
| #ifdef HAVE_INTTYPES_H
| # include <inttypes.h>
| #endif
| #ifdef HAVE_STDINT_H
| # include <stdint.h>
| #endif
| #ifdef HAVE_UNISTD_H
| # include <unistd.h>
| #endif
| #include <security/pam_client.h>
configure:10884: result: no
configure:10884: checking security/pam_client.h presence
configure:10884: gcc -E  conftest.c
conftest.c:46:10: fatal error: 'security/pam_client.h' file not found
#include <security/pam_client.h>
         ^
1 error generated.
configure:10884: $? = 1
configure: failed program was:
| /* confdefs.h */
| #define PACKAGE_NAME "shellinabox"
| #define PACKAGE_TARNAME "shellinabox"
| #define PACKAGE_VERSION "2.10"
| #define PACKAGE_STRING "shellinabox 2.10"
| #define PACKAGE_BUGREPORT "markus@shellinabox.com"
| #define PACKAGE_URL ""
| #define VCS_REVISION "239"
| #define PACKAGE "shellinabox"
| #define VERSION "2.10"
| #define STDC_HEADERS 1
| #define HAVE_SYS_TYPES_H 1
| #define HAVE_SYS_STAT_H 1
| #define HAVE_STDLIB_H 1
| #define HAVE_STRING_H 1
| #define HAVE_MEMORY_H 1
| #define HAVE_STRINGS_H 1
| #define HAVE_INTTYPES_H 1
| #define HAVE_STDINT_H 1
| #define HAVE_UNISTD_H 1
| #define HAVE_DLFCN_H 1
| #define LT_OBJDIR ".libs/"
| #define HAVE_PTHREAD_H 1
| #define HAVE_STRINGS_H 1
| #define HAVE_SYS_UIO_H 1
| #define HAVE_UTIL_H 1
| #define HAVE_UTMP_H 1
| #define HAVE_UTMPX_H 1
| #define HAVE_LOGIN_TTY 1
| #define HAVE_GETGRGID_R 1
| #define HAVE_GETGRNAM_R 1
| #define HAVE_GETPWNAM_R 1
| #define HAVE_GETPWUID_R 1
| #define HAVE_OPENPTY 1
| #define HAVE_STRCASESTR 1
| #define HAVE_SIGWAIT 1
| #define HAVE_ISNAN 1
| #define HAVE_ATTRIBUTE_UNUSED 1
| #define HAVE_GETGROUPLIST_TAKES_INTS 1
| #define HAVE_BIN_LOGIN 1
| #define HAVE_OPENSSL_BIO_H 1
| #define HAVE_OPENSSL_ERR_H 1
| #define HAVE_OPENSSL_SSL_H 1
| #define HAVE_SECURITY_PAM_APPL_H 1
| /* end confdefs.h.  */
| #include <security/pam_client.h>
configure:10884: result: no
configure:10884: checking for security/pam_client.h
configure:10884: result: no
configure:10884: checking security/pam_misc.h usability
configure:10884: gcc -c -Os  conftest.c >&5
conftest.c:79:10: fatal error: 'security/pam_misc.h' file not found
#include <security/pam_misc.h>
         ^
1 error generated.
configure:10884: $? = 1
configure: failed program was:
| /* confdefs.h */
| #define PACKAGE_NAME "shellinabox"
| #define PACKAGE_TARNAME "shellinabox"
| #define PACKAGE_VERSION "2.10"
| #define PACKAGE_STRING "shellinabox 2.10"
| #define PACKAGE_BUGREPORT "markus@shellinabox.com"
| #define PACKAGE_URL ""
| #define VCS_REVISION "239"
| #define PACKAGE "shellinabox"
| #define VERSION "2.10"
| #define STDC_HEADERS 1
| #define HAVE_SYS_TYPES_H 1
| #define HAVE_SYS_STAT_H 1
| #define HAVE_STDLIB_H 1
| #define HAVE_STRING_H 1
| #define HAVE_MEMORY_H 1
| #define HAVE_STRINGS_H 1
| #define HAVE_INTTYPES_H 1
| #define HAVE_STDINT_H 1
| #define HAVE_UNISTD_H 1
| #define HAVE_DLFCN_H 1
| #define LT_OBJDIR ".libs/"
| #define HAVE_PTHREAD_H 1
| #define HAVE_STRINGS_H 1
| #define HAVE_SYS_UIO_H 1
| #define HAVE_UTIL_H 1
| #define HAVE_UTMP_H 1
| #define HAVE_UTMPX_H 1
| #define HAVE_LOGIN_TTY 1
| #define HAVE_GETGRGID_R 1
| #define HAVE_GETGRNAM_R 1
| #define HAVE_GETPWNAM_R 1
| #define HAVE_GETPWUID_R 1
| #define HAVE_OPENPTY 1
| #define HAVE_STRCASESTR 1
| #define HAVE_SIGWAIT 1
| #define HAVE_ISNAN 1
| #define HAVE_ATTRIBUTE_UNUSED 1
| #define HAVE_GETGROUPLIST_TAKES_INTS 1
| #define HAVE_BIN_LOGIN 1
| #define HAVE_OPENSSL_BIO_H 1
| #define HAVE_OPENSSL_ERR_H 1
| #define HAVE_OPENSSL_SSL_H 1
| #define HAVE_SECURITY_PAM_APPL_H 1
| /* end confdefs.h.  */
| #include <stdio.h>
| #ifdef HAVE_SYS_TYPES_H
| # include <sys/types.h>
| #endif
| #ifdef HAVE_SYS_STAT_H
| # include <sys/stat.h>
| #endif
| #ifdef STDC_HEADERS
| # include <stdlib.h>
| # include <stddef.h>
| #else
| # ifdef HAVE_STDLIB_H
| #  include <stdlib.h>
| # endif
| #endif
| #ifdef HAVE_STRING_H
| # if !defined STDC_HEADERS && defined HAVE_MEMORY_H
| #  include <memory.h>
| # endif
| # include <string.h>
| #endif
| #ifdef HAVE_STRINGS_H
| # include <strings.h>
| #endif
| #ifdef HAVE_INTTYPES_H
| # include <inttypes.h>
| #endif
| #ifdef HAVE_STDINT_H
| # include <stdint.h>
| #endif
| #ifdef HAVE_UNISTD_H
| # include <unistd.h>
| #endif
| #include <security/pam_misc.h>
configure:10884: result: no
configure:10884: checking security/pam_misc.h presence
configure:10884: gcc -E  conftest.c
conftest.c:46:10: fatal error: 'security/pam_misc.h' file not found
#include <security/pam_misc.h>
         ^
1 error generated.
configure:10884: $? = 1
configure: failed program was:
| /* confdefs.h */
| #define PACKAGE_NAME "shellinabox"
| #define PACKAGE_TARNAME "shellinabox"
| #define PACKAGE_VERSION "2.10"
| #define PACKAGE_STRING "shellinabox 2.10"
| #define PACKAGE_BUGREPORT "markus@shellinabox.com"
| #define PACKAGE_URL ""
| #define VCS_REVISION "239"
| #define PACKAGE "shellinabox"
| #define VERSION "2.10"
| #define STDC_HEADERS 1
| #define HAVE_SYS_TYPES_H 1
| #define HAVE_SYS_STAT_H 1
| #define HAVE_STDLIB_H 1
| #define HAVE_STRING_H 1
| #define HAVE_MEMORY_H 1
| #define HAVE_STRINGS_H 1
| #define HAVE_INTTYPES_H 1
| #define HAVE_STDINT_H 1
| #define HAVE_UNISTD_H 1
| #define HAVE_DLFCN_H 1
| #define LT_OBJDIR ".libs/"
| #define HAVE_PTHREAD_H 1
| #define HAVE_STRINGS_H 1
| #define HAVE_SYS_UIO_H 1
| #define HAVE_UTIL_H 1
| #define HAVE_UTMP_H 1
| #define HAVE_UTMPX_H 1
| #define HAVE_LOGIN_TTY 1
| #define HAVE_GETGRGID_R 1
| #define HAVE_GETGRNAM_R 1
| #define HAVE_GETPWNAM_R 1
| #define HAVE_GETPWUID_R 1
| #define HAVE_OPENPTY 1
| #define HAVE_STRCASESTR 1
| #define HAVE_SIGWAIT 1
| #define HAVE_ISNAN 1
| #define HAVE_ATTRIBUTE_UNUSED 1
| #define HAVE_GETGROUPLIST_TAKES_INTS 1
| #define HAVE_BIN_LOGIN 1
| #define HAVE_OPENSSL_BIO_H 1
| #define HAVE_OPENSSL_ERR_H 1
| #define HAVE_OPENSSL_SSL_H 1
| #define HAVE_SECURITY_PAM_APPL_H 1
| /* end confdefs.h.  */
| #include <security/pam_misc.h>
configure:10884: result: no
configure:10884: checking for security/pam_misc.h
configure:10884: result: no
configure:10900: checking for dlopen
configure:10900: gcc -o conftest -Os   conftest.c  >&5
configure:10900: $? = 0
configure:10900: result: yes
configure:10992: checking for deflate in -lz
configure:11017: gcc -o conftest -Os   conftest.c -lz   >&5
configure:11017: $? = 0
configure:11026: result: yes
configure:11030: checking zlib.h usability
configure:11030: gcc -c -Os  conftest.c >&5
configure:11030: $? = 0
configure:11030: result: yes
configure:11030: checking zlib.h presence
configure:11030: gcc -E  conftest.c
configure:11030: $? = 0
configure:11030: result: yes
configure:11030: checking for zlib.h
configure:11030: result: yes
configure:11163: creating ./config.status

## ---------------------- ##
## Running config.status. ##
## ---------------------- ##

This file was extended by shellinabox config.status 2.10, which was
generated by GNU Autoconf 2.65.  Invocation command line was

  CONFIG_FILES    = 
  CONFIG_HEADERS  = 
  CONFIG_LINKS    = 
  CONFIG_COMMANDS = 
  $ ./config.status 

on Mia.local

config.status:1086: creating Makefile
config.status:1086: creating config.h
config.status:1258: config.h is unchanged
config.status:1306: executing depfiles commands
config.status:1306: executing libtool commands

## ---------------- ##
## Cache variables. ##
## ---------------- ##

ac_cv_build=x86_64-apple-darwin14.3.0
ac_cv_c_compiler_gnu=yes
ac_cv_c_const=yes
ac_cv_env_CC_set=
ac_cv_env_CC_value=
ac_cv_env_CFLAGS_set=
ac_cv_env_CFLAGS_value=
ac_cv_env_CPPFLAGS_set=
ac_cv_env_CPPFLAGS_value=
ac_cv_env_CPP_set=
ac_cv_env_CPP_value=
ac_cv_env_LDFLAGS_set=
ac_cv_env_LDFLAGS_value=
ac_cv_env_LIBS_set=
ac_cv_env_LIBS_value=
ac_cv_env_build_alias_set=
ac_cv_env_build_alias_value=
ac_cv_env_host_alias_set=
ac_cv_env_host_alias_value=
ac_cv_env_target_alias_set=
ac_cv_env_target_alias_value=
ac_cv_func_dlopen=yes
ac_cv_func_getgrgid_r=yes
ac_cv_func_getgrnam_r=yes
ac_cv_func_gethostbyname_r=no
ac_cv_func_getpwnam_r=yes
ac_cv_func_getpwuid_r=yes
ac_cv_func_getresgid=no
ac_cv_func_getresuid=no
ac_cv_func_login_tty=yes
ac_cv_func_openpty=yes
ac_cv_func_setresgid=no
ac_cv_func_setresuid=no
ac_cv_func_strcasestr=yes
ac_cv_func_strlcat=no
ac_cv_header_dlfcn_h=yes
ac_cv_header_inttypes_h=yes
ac_cv_header_libutil_h=no
ac_cv_header_memory_h=yes
ac_cv_header_openssl_bio_h=yes
ac_cv_header_openssl_err_h=yes
ac_cv_header_openssl_ssl_h=yes
ac_cv_header_pthread_h=yes
ac_cv_header_pty_h=no
ac_cv_header_security_pam_appl_h=yes
ac_cv_header_security_pam_client_h=no
ac_cv_header_security_pam_misc_h=no
ac_cv_header_stdc=yes
ac_cv_header_stdint_h=yes
ac_cv_header_stdlib_h=yes
ac_cv_header_string_h=yes
ac_cv_header_strings_h=yes
ac_cv_header_sys_prctl_h=no
ac_cv_header_sys_stat_h=yes
ac_cv_header_sys_types_h=yes
ac_cv_header_sys_uio_h=yes
ac_cv_header_unistd_h=yes
ac_cv_header_util_h=yes
ac_cv_header_utmp_h=yes
ac_cv_header_utmpx_h=yes
ac_cv_header_zlib_h=yes
ac_cv_host=x86_64-apple-darwin14.3.0
ac_cv_lib_z_deflate=yes
ac_cv_objext=o
ac_cv_path_EGREP='/usr/bin/grep -E'
ac_cv_path_FGREP='/usr/bin/grep -F'
ac_cv_path_GREP=/usr/bin/grep
ac_cv_path_SED=/usr/bin/sed
ac_cv_path_install='/usr/bin/install -c'
ac_cv_prog_AWK=awk
ac_cv_prog_CPP='gcc -E'
ac_cv_prog_ac_ct_AR=ar
ac_cv_prog_ac_ct_CC=gcc
ac_cv_prog_ac_ct_DSYMUTIL=dsymutil
ac_cv_prog_ac_ct_LIPO=lipo
ac_cv_prog_ac_ct_NMEDIT=nmedit
ac_cv_prog_ac_ct_OTOOL=otool
ac_cv_prog_ac_ct_RANLIB=ranlib
ac_cv_prog_ac_ct_STRIP=strip
ac_cv_prog_cc_c89=
ac_cv_prog_cc_g=yes
ac_cv_prog_gcc_traditional=no
ac_cv_prog_make_make_set=yes
am_cv_CC_dependencies_compiler_type=gcc3
lt_cv_apple_cc_single_mod=yes
lt_cv_deplibs_check_method=pass_all
lt_cv_file_magic_cmd='$MAGIC_CMD'
lt_cv_file_magic_test_file=
lt_cv_ld_exported_symbols_list=yes
lt_cv_ld_reload_flag=-r
lt_cv_nm_interface='BSD nm'
lt_cv_objdir=.libs
lt_cv_path_LD=/Applications/Xcode.app/Contents/Developer/Toolchains/XcodeDefault.xctoolchain/usr/bin/ld
lt_cv_path_NM=/usr/bin/nm
lt_cv_prog_compiler_c_o=yes
lt_cv_prog_compiler_pic_works=yes
lt_cv_prog_compiler_rtti_exceptions=yes
lt_cv_prog_compiler_static_works=no
lt_cv_prog_gnu_ld=no
lt_cv_sys_global_symbol_pipe='sed -n -e '\''s/^.*[	 ]\([BCDEGRST][BCDEGRST]*\)[	 ][	 ]*_\([_A-Za-z][_A-Za-z0-9]*\)$/\1 _\2 \2/p'\'''
lt_cv_sys_global_symbol_to_c_name_address='sed -n -e '\''s/^: \([^ ]*\) $/  {\"\1\", (void *) 0},/p'\'' -e '\''s/^[BCDEGRST]* \([^ ]*\) \([^ ]*\)$/  {"\2", (void *) \&\2},/p'\'''
lt_cv_sys_global_symbol_to_c_name_address_lib_prefix='sed -n -e '\''s/^: \([^ ]*\) $/  {\"\1\", (void *) 0},/p'\'' -e '\''s/^[BCDEGRST]* \([^ ]*\) \(lib[^ ]*\)$/  {"\2", (void *) \&\2},/p'\'' -e '\''s/^[BCDEGRST]* \([^ ]*\) \([^ ]*\)$/  {"lib\2", (void *) \&\2},/p'\'''
lt_cv_sys_global_symbol_to_cdecl='sed -n -e '\''s/^T .* \(.*\)$/extern int \1();/p'\'' -e '\''s/^[BCDEGRST]* .* \(.*\)$/extern char \1;/p'\'''
lt_cv_sys_max_cmd_len=196608

## ----------------- ##
## Output variables. ##
## ----------------- ##

ACLOCAL='${SHELL} /Users/tenut/Documents/shellinabox/missing --run aclocal-1.11'
AMDEPBACKSLASH='\'
AMDEP_FALSE='#'
AMDEP_TRUE=''
AMTAR='${SHELL} /Users/tenut/Documents/shellinabox/missing --run tar'
AR='ar'
AUTOCONF='${SHELL} /Users/tenut/Documents/shellinabox/missing --run autoconf'
AUTOHEADER='${SHELL} /Users/tenut/Documents/shellinabox/missing --run autoheader'
AUTOMAKE='${SHELL} /Users/tenut/Documents/shellinabox/missing --run automake-1.11'
AWK='awk'
CC='gcc'
CCDEPMODE='depmode=gcc3'
CFLAGS='-Os'
CPP='gcc -E'
CPPFLAGS=''
CYGPATH_W='echo'
DEFS='-DHAVE_CONFIG_H'
DEPDIR='.deps'
DSYMUTIL='dsymutil'
DUMPBIN=''
ECHO_C='\c'
ECHO_N=''
ECHO_T=''
EGREP='/usr/bin/grep -E'
EXEEXT=''
FGREP='/usr/bin/grep -F'
GREP='/usr/bin/grep'
INSTALL_DATA='${INSTALL} -m 644'
INSTALL_PROGRAM='${INSTALL}'
INSTALL_SCRIPT='${INSTALL}'
INSTALL_STRIP_PROGRAM='$(install_sh) -c -s'
LD='/Applications/Xcode.app/Contents/Developer/Toolchains/XcodeDefault.xctoolchain/usr/bin/ld'
LDFLAGS=''
LIBOBJS=''
LIBS='-lz '
LIBTOOL='$(SHELL) $(top_builddir)/libtool'
LIBTOOL_DEPS='./ltmain.sh'
LIPO='lipo'
LN_S='ln -s'
LTLIBOBJS=''
MAKEINFO='${SHELL} /Users/tenut/Documents/shellinabox/missing --run makeinfo'
MKDIR_P='./install-sh -c -d'
NM='/usr/bin/nm'
NMEDIT='nmedit'
OBJDUMP='false'
OBJEXT='o'
OTOOL64=':'
OTOOL='otool'
PACKAGE='shellinabox'
PACKAGE_BUGREPORT='markus@shellinabox.com'
PACKAGE_NAME='shellinabox'
PACKAGE_STRING='shellinabox 2.10'
PACKAGE_TARNAME='shellinabox'
PACKAGE_URL=''
PACKAGE_VERSION='2.10'
PATH_SEPARATOR=':'
RANLIB='ranlib'
SED='/usr/bin/sed'
SET_MAKE=''
SHELL='/bin/sh'
STRIP='strip'
VCS_REVISION='239'
VERSION='2.10'
ac_ct_CC='gcc'
ac_ct_DUMPBIN=''
am__EXEEXT_FALSE=''
am__EXEEXT_TRUE='#'
am__fastdepCC_FALSE='#'
am__fastdepCC_TRUE=''
am__include='include'
am__isrc=''
am__leading_dot='.'
am__quote=''
am__tar='${AMTAR} chof - "$$tardir"'
am__untar='${AMTAR} xf -'
bindir='${exec_prefix}/bin'
build='x86_64-apple-darwin14.3.0'
build_alias=''
build_cpu='x86_64'
build_os='darwin14.3.0'
build_vendor='apple'
datadir='${datarootdir}'
datarootdir='${prefix}/share'
docdir='${datarootdir}/doc/${PACKAGE_TARNAME}'
dvidir='${docdir}'
exec_prefix='${prefix}'
host='x86_64-apple-darwin14.3.0'
host_alias=''
host_cpu='x86_64'
host_os='darwin14.3.0'
host_vendor='apple'
htmldir='${docdir}'
includedir='${prefix}/include'
infodir='${datarootdir}/info'
install_sh='${SHELL} /Users/tenut/Documents/shellinabox/install-sh'
libdir='${exec_prefix}/lib'
libexecdir='${exec_prefix}/libexec'
localedir='${datarootdir}/locale'
localstatedir='${prefix}/var'
lt_ECHO='/bin/echo'
mandir='${datarootdir}/man'
mkdir_p='$(top_builddir)/./install-sh -c -d'
oldincludedir='/usr/include'
pdfdir='${docdir}'
prefix='/usr/local'
program_transform_name='s,x,x,'
psdir='${docdir}'
sbindir='${exec_prefix}/sbin'
sharedstatedir='${prefix}/com'
sysconfdir='${prefix}/etc'
target_alias=''

## ----------- ##
## confdefs.h. ##
## ----------- ##

/* confdefs.h */
#define PACKAGE_NAME "shellinabox"
#define PACKAGE_TARNAME "shellinabox"
#define PACKAGE_VERSION "2.10"
#define PACKAGE_STRING "shellinabox 2.10"
#define PACKAGE_BUGREPORT "markus@shellinabox.com"
#define PACKAGE_URL ""
#define VCS_REVISION "239"
#define PACKAGE "shellinabox"
#define VERSION "2.10"
#define STDC_HEADERS 1
#define HAVE_SYS_TYPES_H 1
#define HAVE_SYS_STAT_H 1
#define HAVE_STDLIB_H 1
#define HAVE_STRING_H 1
#define HAVE_MEMORY_H 1
#define HAVE_STRINGS_H 1
#define HAVE_INTTYPES_H 1
#define HAVE_STDINT_H 1
#define HAVE_UNISTD_H 1
#define HAVE_DLFCN_H 1
#define LT_OBJDIR ".libs/"
#define HAVE_PTHREAD_H 1
#define HAVE_STRINGS_H 1
#define HAVE_SYS_UIO_H 1
#define HAVE_UTIL_H 1
#define HAVE_UTMP_H 1
#define HAVE_UTMPX_H 1
#define HAVE_LOGIN_TTY 1
#define HAVE_GETGRGID_R 1
#define HAVE_GETGRNAM_R 1
#define HAVE_GETPWNAM_R 1
#define HAVE_GETPWUID_R 1
#define HAVE_OPENPTY 1
#define HAVE_STRCASESTR 1
#define HAVE_SIGWAIT 1
#define HAVE_ISNAN 1
#define HAVE_ATTRIBUTE_UNUSED 1
#define HAVE_GETGROUPLIST_TAKES_INTS 1
#define HAVE_BIN_LOGIN 1
#define HAVE_OPENSSL_BIO_H 1
#define HAVE_OPENSSL_ERR_H 1
#define HAVE_OPENSSL_SSL_H 1
#define HAVE_SECURITY_PAM_APPL_H 1
#define HAVE_DLOPEN 1
#define HAVE_ZLIB 1

configure: exit 0
